<?xml version="1.0" encoding="UTF-8"?>
<!-- Generated by org.testng.reporters.JUnitReportReporter -->
<testsuite hostname="shahnaza-MacBook-Air.local" failures="0" tests="1" name="Lesson23.TestA$TestB" time="0.015" errors="0" timestamp="2022-12-19T10:44:33 EST" skipped="0">
  <testcase classname="Lesson23.TestA$TestB" name="testB1" time="0.015"/>
</testsuite> <!-- Lesson23.TestA$TestB -->
