<?xml version="1.0" encoding="UTF-8"?>
<!-- Generated by org.testng.reporters.JUnitReportReporter -->
<testsuite hostname="shahnaza-MacBook-Air.local" failures="0" tests="1" name="Lesson23.TestA" time="0.003" errors="0" timestamp="2022-12-19T10:44:33 EST" skipped="0">
  <testcase classname="Lesson23.TestA" name="testA1" time="0.003"/>
</testsuite> <!-- Lesson23.TestA -->
